<?xml version="1.0" encoding="UTF-8"?>
<testng-results ignored="0" total="1" passed="1" failed="0" skipped="0">
  <reporter-output>
  </reporter-output>
  <suite started-at="2019-07-21T20:38:48Z" name="Default suite" finished-at="2019-07-21T20:39:02Z" duration-ms="13699">
    <groups>
      <group name="cucumber">
        <method signature="TestNgRunner.feature(cucumber.api.testng.CucumberFeatureWrapper)[pri:0, instance:runner.TestNgRunner@783a467b]" name="feature" class="runner.TestNgRunner"/>
      </group> <!-- cucumber -->
    </groups>
    <test started-at="2019-07-21T20:38:48Z" name="Default test" finished-at="2019-07-21T20:39:02Z" duration-ms="13699">
      <class name="runner.TestNgRunner">
        <test-method is-config="true" signature="setUpClass()[pri:0, instance:runner.TestNgRunner@783a467b]" started-at="2019-07-21T20:38:48Z" name="setUpClass" finished-at="2019-07-21T20:38:49Z" duration-ms="182" status="PASS">
          <reporter-output>
          </reporter-output>
        </test-method> <!-- setUpClass -->
        <test-method signature="feature(cucumber.api.testng.CucumberFeatureWrapper)[pri:0, instance:runner.TestNgRunner@783a467b]" started-at="2019-07-21T20:38:49Z" name="feature" description="Runs Cucumber Feature" data-provider="features" finished-at="2019-07-21T20:39:02Z" duration-ms="13391" status="PASS">
          <params>
            <param index="0">
              <value>
                <![CDATA[Actitime Application]]>
              </value>
            </param>
          </params>
          <reporter-output>
          </reporter-output>
        </test-method> <!-- feature -->
        <test-method is-config="true" signature="tearDownClass()[pri:0, instance:runner.TestNgRunner@783a467b]" started-at="2019-07-21T20:39:02Z" name="tearDownClass" finished-at="2019-07-21T20:39:02Z" duration-ms="15" status="PASS">
          <reporter-output>
          </reporter-output>
        </test-method> <!-- tearDownClass -->
      </class> <!-- runner.TestNgRunner -->
    </test> <!-- Default test -->
  </suite> <!-- Default suite -->
</testng-results>
